<?xml version="1.0" encoding="UTF-8"?>
<testng-results skipped="0" failed="0" ignored="0" total="1" passed="1">
  <reporter-output>
  </reporter-output>
  <suite name="firsttest" duration-ms="11414" started-at="2018-05-30T10:13:04Z" finished-at="2018-05-30T10:13:16Z">
    <groups>
    </groups>
    <test name="first" duration-ms="11414" started-at="2018-05-30T10:13:04Z" finished-at="2018-05-30T10:13:16Z">
      <class name="samplePack.test1">
        <test-method status="PASS" signature="launchBrowser()[pri:0, instance:samplePack.test1@29774679]" name="launchBrowser" duration-ms="11369" started-at="2018-05-30T10:13:04Z" finished-at="2018-05-30T10:13:16Z">
          <reporter-output>
          </reporter-output>
        </test-method> <!-- launchBrowser -->
      </class> <!-- samplePack.test1 -->
    </test> <!-- first -->
  </suite> <!-- firsttest -->
</testng-results>
